Analysis & Synthesis report for counter8bit_main
Sat Oct 19 22:31:22 2019
Quartus Prime Version 18.1.0 Build 625 09/12/2018 SJ Lite Edition


---------------------
; Table of Contents ;
---------------------
  1. Legal Notice
  2. Analysis & Synthesis Summary
  3. Analysis & Synthesis Settings
  4. Parallel Compilation
  5. Analysis & Synthesis Source Files Read
  6. Analysis & Synthesis Resource Usage Summary
  7. Analysis & Synthesis Resource Utilization by Entity
  8. General Register Statistics
  9. Post-Synthesis Netlist Statistics for Top Partition
 10. Elapsed Time Per Partition
 11. Analysis & Synthesis Messages



----------------
; Legal Notice ;
----------------
Copyright (C) 2018  Intel Corporation. All rights reserved.
Your use of Intel Corporation's design tools, logic functions 
and other software and tools, and its AMPP partner logic 
functions, and any output files from any of the foregoing 
(including device programming or simulation files), and any 
associated documentation or information are expressly subject 
to the terms and conditions of the Intel Program License 
Subscription Agreement, the Intel Quartus Prime License Agreement,
the Intel FPGA IP License Agreement, or other applicable license
agreement, including, without limitation, that your use is for
the sole purpose of programming logic devices manufactured by
Intel and sold by Intel or its authorized distributors.  Please
refer to the applicable agreement for further details.



+-------------------------------------------------------------------------------+
; Analysis & Synthesis Summary                                                  ;
+---------------------------------+---------------------------------------------+
; Analysis & Synthesis Status     ; Successful - Sat Oct 19 22:31:22 2019       ;
; Quartus Prime Version           ; 18.1.0 Build 625 09/12/2018 SJ Lite Edition ;
; Revision Name                   ; counter8bit_main                            ;
; Top-level Entity Name           ; counter8bit_main                            ;
; Family                          ; Cyclone V                                   ;
; Logic utilization (in ALMs)     ; N/A                                         ;
; Total registers                 ; 8                                           ;
; Total pins                      ; 28                                          ;
; Total virtual pins              ; 0                                           ;
; Total block memory bits         ; 0                                           ;
; Total DSP Blocks                ; 0                                           ;
; Total HSSI RX PCSs              ; 0                                           ;
; Total HSSI PMA RX Deserializers ; 0                                           ;
; Total HSSI TX PCSs              ; 0                                           ;
; Total HSSI PMA TX Serializers   ; 0                                           ;
; Total PLLs                      ; 0                                           ;
; Total DLLs                      ; 0                                           ;
+---------------------------------+---------------------------------------------+


+---------------------------------------------------------------------------------------------------------------------------+
; Analysis & Synthesis Settings                                                                                             ;
+---------------------------------------------------------------------------------+--------------------+--------------------+
; Option                                                                          ; Setting            ; Default Value      ;
+---------------------------------------------------------------------------------+--------------------+--------------------+
; Device                                                                          ; 5CSEMA5F31C6       ;                    ;
; Top-level entity name                                                           ; counter8bit_main   ; counter8bit_main   ;
; Family name                                                                     ; Cyclone V          ; Cyclone V          ;
; Use smart compilation                                                           ; Off                ; Off                ;
; Enable parallel Assembler and Timing Analyzer during compilation                ; On                 ; On                 ;
; Enable compact report table                                                     ; Off                ; Off                ;
; Restructure Multiplexers                                                        ; Auto               ; Auto               ;
; MLAB Add Timing Constraints For Mixed-Port Feed-Through Mode Setting Don't Care ; Off                ; Off                ;
; Create Debugging Nodes for IP Cores                                             ; Off                ; Off                ;
; Preserve fewer node names                                                       ; On                 ; On                 ;
; Intel FPGA IP Evaluation Mode                                                   ; Enable             ; Enable             ;
; Verilog Version                                                                 ; Verilog_2001       ; Verilog_2001       ;
; VHDL Version                                                                    ; VHDL_1993          ; VHDL_1993          ;
; State Machine Processing                                                        ; Auto               ; Auto               ;
; Safe State Machine                                                              ; Off                ; Off                ;
; Extract Verilog State Machines                                                  ; On                 ; On                 ;
; Extract VHDL State Machines                                                     ; On                 ; On                 ;
; Ignore Verilog initial constructs                                               ; Off                ; Off                ;
; Iteration limit for constant Verilog loops                                      ; 5000               ; 5000               ;
; Iteration limit for non-constant Verilog loops                                  ; 250                ; 250                ;
; Add Pass-Through Logic to Inferred RAMs                                         ; On                 ; On                 ;
; Infer RAMs from Raw Logic                                                       ; On                 ; On                 ;
; Parallel Synthesis                                                              ; On                 ; On                 ;
; DSP Block Balancing                                                             ; Auto               ; Auto               ;
; NOT Gate Push-Back                                                              ; On                 ; On                 ;
; Power-Up Don't Care                                                             ; On                 ; On                 ;
; Remove Redundant Logic Cells                                                    ; Off                ; Off                ;
; Remove Duplicate Registers                                                      ; On                 ; On                 ;
; Ignore CARRY Buffers                                                            ; Off                ; Off                ;
; Ignore CASCADE Buffers                                                          ; Off                ; Off                ;
; Ignore GLOBAL Buffers                                                           ; Off                ; Off                ;
; Ignore ROW GLOBAL Buffers                                                       ; Off                ; Off                ;
; Ignore LCELL Buffers                                                            ; Off                ; Off                ;
; Ignore SOFT Buffers                                                             ; On                 ; On                 ;
; Limit AHDL Integers to 32 Bits                                                  ; Off                ; Off                ;
; Optimization Technique                                                          ; Balanced           ; Balanced           ;
; Carry Chain Length                                                              ; 70                 ; 70                 ;
; Auto Carry Chains                                                               ; On                 ; On                 ;
; Auto Open-Drain Pins                                                            ; On                 ; On                 ;
; Perform WYSIWYG Primitive Resynthesis                                           ; Off                ; Off                ;
; Auto ROM Replacement                                                            ; On                 ; On                 ;
; Auto RAM Replacement                                                            ; On                 ; On                 ;
; Auto DSP Block Replacement                                                      ; On                 ; On                 ;
; Auto Shift Register Replacement                                                 ; Auto               ; Auto               ;
; Allow Shift Register Merging across Hierarchies                                 ; Auto               ; Auto               ;
; Auto Clock Enable Replacement                                                   ; On                 ; On                 ;
; Strict RAM Replacement                                                          ; Off                ; Off                ;
; Allow Synchronous Control Signals                                               ; On                 ; On                 ;
; Force Use of Synchronous Clear Signals                                          ; Off                ; Off                ;
; Auto Resource Sharing                                                           ; Off                ; Off                ;
; Allow Any RAM Size For Recognition                                              ; Off                ; Off                ;
; Allow Any ROM Size For Recognition                                              ; Off                ; Off                ;
; Allow Any Shift Register Size For Recognition                                   ; Off                ; Off                ;
; Use LogicLock Constraints during Resource Balancing                             ; On                 ; On                 ;
; Ignore translate_off and synthesis_off directives                               ; Off                ; Off                ;
; Timing-Driven Synthesis                                                         ; On                 ; On                 ;
; Report Parameter Settings                                                       ; On                 ; On                 ;
; Report Source Assignments                                                       ; On                 ; On                 ;
; Report Connectivity Checks                                                      ; On                 ; On                 ;
; Ignore Maximum Fan-Out Assignments                                              ; Off                ; Off                ;
; Synchronization Register Chain Length                                           ; 3                  ; 3                  ;
; Power Optimization During Synthesis                                             ; Normal compilation ; Normal compilation ;
; HDL message level                                                               ; Level2             ; Level2             ;
; Suppress Register Optimization Related Messages                                 ; Off                ; Off                ;
; Number of Removed Registers Reported in Synthesis Report                        ; 5000               ; 5000               ;
; Number of Swept Nodes Reported in Synthesis Report                              ; 5000               ; 5000               ;
; Number of Inverted Registers Reported in Synthesis Report                       ; 100                ; 100                ;
; Clock MUX Protection                                                            ; On                 ; On                 ;
; Auto Gated Clock Conversion                                                     ; Off                ; Off                ;
; Block Design Naming                                                             ; Auto               ; Auto               ;
; SDC constraint protection                                                       ; Off                ; Off                ;
; Synthesis Effort                                                                ; Auto               ; Auto               ;
; Shift Register Replacement - Allow Asynchronous Clear Signal                    ; On                 ; On                 ;
; Pre-Mapping Resynthesis Optimization                                            ; Off                ; Off                ;
; Analysis & Synthesis Message Level                                              ; Medium             ; Medium             ;
; Disable Register Merging Across Hierarchies                                     ; Auto               ; Auto               ;
; Resource Aware Inference For Block RAM                                          ; On                 ; On                 ;
; Automatic Parallel Synthesis                                                    ; On                 ; On                 ;
; Partial Reconfiguration Bitstream ID                                            ; Off                ; Off                ;
+---------------------------------------------------------------------------------+--------------------+--------------------+


+------------------------------------------+
; Parallel Compilation                     ;
+----------------------------+-------------+
; Processors                 ; Number      ;
+----------------------------+-------------+
; Number detected on machine ; 8           ;
; Maximum allowed            ; 4           ;
;                            ;             ;
; Average used               ; 1.00        ;
; Maximum used               ; 4           ;
;                            ;             ;
; Usage by Processor         ; % Time Used ;
;     Processor 1            ; 100.0%      ;
;     Processors 2-4         ;   0.0%      ;
+----------------------------+-------------+


+----------------------------------------------------------------------------------------------------------------------------------------------------------+
; Analysis & Synthesis Source Files Read                                                                                                                   ;
+----------------------------------+-----------------+------------------------+------------------------------------------------------------------+---------+
; File Name with User-Entered Path ; Used in Netlist ; File Type              ; File Name with Absolute Path                                     ; Library ;
+----------------------------------+-----------------+------------------------+------------------------------------------------------------------+---------+
; counter8bit_main.v               ; yes             ; User Verilog HDL File  ; C:/Users/Americo/Documents/Quartus/lab5_part1/counter8bit_main.v ;         ;
+----------------------------------+-----------------+------------------------+------------------------------------------------------------------+---------+


+------------------------------------------------------------------------+
; Analysis & Synthesis Resource Usage Summary                            ;
+---------------------------------------------+--------------------------+
; Resource                                    ; Usage                    ;
+---------------------------------------------+--------------------------+
; Estimate of Logic utilization (ALMs needed) ; 12                       ;
;                                             ;                          ;
; Combinational ALUT usage for logic          ; 23                       ;
;     -- 7 input functions                    ; 0                        ;
;     -- 6 input functions                    ; 1                        ;
;     -- 5 input functions                    ; 3                        ;
;     -- 4 input functions                    ; 16                       ;
;     -- <=3 input functions                  ; 3                        ;
;                                             ;                          ;
; Dedicated logic registers                   ; 8                        ;
;                                             ;                          ;
; I/O pins                                    ; 28                       ;
;                                             ;                          ;
; Total DSP Blocks                            ; 0                        ;
;                                             ;                          ;
; Maximum fan-out node                        ; counter8bit:U1|TFF_:U1|Q ;
; Maximum fan-out                             ; 13                       ;
; Total fan-out                               ; 159                      ;
; Average fan-out                             ; 1.83                     ;
+---------------------------------------------+--------------------------+


+--------------------------------------------------------------------------------------------------------------------------------------------------------------------------------------------------------------------+
; Analysis & Synthesis Resource Utilization by Entity                                                                                                                                                                ;
+----------------------------+---------------------+---------------------------+-------------------+------------+------+--------------+--------------------------------------------+------------------+--------------+
; Compilation Hierarchy Node ; Combinational ALUTs ; Dedicated Logic Registers ; Block Memory Bits ; DSP Blocks ; Pins ; Virtual Pins ; Full Hierarchy Name                        ; Entity Name      ; Library Name ;
+----------------------------+---------------------+---------------------------+-------------------+------------+------+--------------+--------------------------------------------+------------------+--------------+
; |counter8bit_main          ; 23 (0)              ; 8 (0)                     ; 0                 ; 0          ; 28   ; 0            ; |counter8bit_main                          ; counter8bit_main ; work         ;
;    |bitsToHex:U2|          ; 7 (0)               ; 0 (0)                     ; 0                 ; 0          ; 0    ; 0            ; |counter8bit_main|bitsToHex:U2             ; bitsToHex        ; work         ;
;       |EQ1seg0:eq1|        ; 1 (1)               ; 0 (0)                     ; 0                 ; 0          ; 0    ; 0            ; |counter8bit_main|bitsToHex:U2|EQ1seg0:eq1 ; EQ1seg0          ; work         ;
;       |EQ2seg1:eq2|        ; 1 (1)               ; 0 (0)                     ; 0                 ; 0          ; 0    ; 0            ; |counter8bit_main|bitsToHex:U2|EQ2seg1:eq2 ; EQ2seg1          ; work         ;
;       |EQ3seg2:eq3|        ; 1 (1)               ; 0 (0)                     ; 0                 ; 0          ; 0    ; 0            ; |counter8bit_main|bitsToHex:U2|EQ3seg2:eq3 ; EQ3seg2          ; work         ;
;       |EQ4seg3:eq4|        ; 1 (1)               ; 0 (0)                     ; 0                 ; 0          ; 0    ; 0            ; |counter8bit_main|bitsToHex:U2|EQ4seg3:eq4 ; EQ4seg3          ; work         ;
;       |EQ5seg4:eq5|        ; 1 (1)               ; 0 (0)                     ; 0                 ; 0          ; 0    ; 0            ; |counter8bit_main|bitsToHex:U2|EQ5seg4:eq5 ; EQ5seg4          ; work         ;
;       |EQ6seg5:eq6|        ; 1 (1)               ; 0 (0)                     ; 0                 ; 0          ; 0    ; 0            ; |counter8bit_main|bitsToHex:U2|EQ6seg5:eq6 ; EQ6seg5          ; work         ;
;       |EQ7seg6:eq7|        ; 1 (1)               ; 0 (0)                     ; 0                 ; 0          ; 0    ; 0            ; |counter8bit_main|bitsToHex:U2|EQ7seg6:eq7 ; EQ7seg6          ; work         ;
;    |bitsToHex:U3|          ; 7 (0)               ; 0 (0)                     ; 0                 ; 0          ; 0    ; 0            ; |counter8bit_main|bitsToHex:U3             ; bitsToHex        ; work         ;
;       |EQ1seg0:eq1|        ; 1 (1)               ; 0 (0)                     ; 0                 ; 0          ; 0    ; 0            ; |counter8bit_main|bitsToHex:U3|EQ1seg0:eq1 ; EQ1seg0          ; work         ;
;       |EQ2seg1:eq2|        ; 1 (1)               ; 0 (0)                     ; 0                 ; 0          ; 0    ; 0            ; |counter8bit_main|bitsToHex:U3|EQ2seg1:eq2 ; EQ2seg1          ; work         ;
;       |EQ3seg2:eq3|        ; 1 (1)               ; 0 (0)                     ; 0                 ; 0          ; 0    ; 0            ; |counter8bit_main|bitsToHex:U3|EQ3seg2:eq3 ; EQ3seg2          ; work         ;
;       |EQ4seg3:eq4|        ; 1 (1)               ; 0 (0)                     ; 0                 ; 0          ; 0    ; 0            ; |counter8bit_main|bitsToHex:U3|EQ4seg3:eq4 ; EQ4seg3          ; work         ;
;       |EQ5seg4:eq5|        ; 1 (1)               ; 0 (0)                     ; 0                 ; 0          ; 0    ; 0            ; |counter8bit_main|bitsToHex:U3|EQ5seg4:eq5 ; EQ5seg4          ; work         ;
;       |EQ6seg5:eq6|        ; 1 (1)               ; 0 (0)                     ; 0                 ; 0          ; 0    ; 0            ; |counter8bit_main|bitsToHex:U3|EQ6seg5:eq6 ; EQ6seg5          ; work         ;
;       |EQ7seg6:eq7|        ; 1 (1)               ; 0 (0)                     ; 0                 ; 0          ; 0    ; 0            ; |counter8bit_main|bitsToHex:U3|EQ7seg6:eq7 ; EQ7seg6          ; work         ;
;    |counter8bit:U1|        ; 9 (1)               ; 8 (0)                     ; 0                 ; 0          ; 0    ; 0            ; |counter8bit_main|counter8bit:U1           ; counter8bit      ; work         ;
;       |TFF_:U1|            ; 1 (1)               ; 1 (1)                     ; 0                 ; 0          ; 0    ; 0            ; |counter8bit_main|counter8bit:U1|TFF_:U1   ; TFF_             ; work         ;
;       |TFF_:U2|            ; 1 (1)               ; 1 (1)                     ; 0                 ; 0          ; 0    ; 0            ; |counter8bit_main|counter8bit:U1|TFF_:U2   ; TFF_             ; work         ;
;       |TFF_:U3|            ; 1 (1)               ; 1 (1)                     ; 0                 ; 0          ; 0    ; 0            ; |counter8bit_main|counter8bit:U1|TFF_:U3   ; TFF_             ; work         ;
;       |TFF_:U4|            ; 1 (1)               ; 1 (1)                     ; 0                 ; 0          ; 0    ; 0            ; |counter8bit_main|counter8bit:U1|TFF_:U4   ; TFF_             ; work         ;
;       |TFF_:U5|            ; 1 (1)               ; 1 (1)                     ; 0                 ; 0          ; 0    ; 0            ; |counter8bit_main|counter8bit:U1|TFF_:U5   ; TFF_             ; work         ;
;       |TFF_:U6|            ; 1 (1)               ; 1 (1)                     ; 0                 ; 0          ; 0    ; 0            ; |counter8bit_main|counter8bit:U1|TFF_:U6   ; TFF_             ; work         ;
;       |TFF_:U7|            ; 1 (1)               ; 1 (1)                     ; 0                 ; 0          ; 0    ; 0            ; |counter8bit_main|counter8bit:U1|TFF_:U7   ; TFF_             ; work         ;
;       |TFF_:U8|            ; 1 (1)               ; 1 (1)                     ; 0                 ; 0          ; 0    ; 0            ; |counter8bit_main|counter8bit:U1|TFF_:U8   ; TFF_             ; work         ;
+----------------------------+---------------------+---------------------------+-------------------+------------+------+--------------+--------------------------------------------+------------------+--------------+
Note: For table entries with two numbers listed, the numbers in parentheses indicate the number of resources of the given type used by the specific entity alone. The numbers listed outside of parentheses indicate the total resources of the given type used by the specific entity and all of its sub-entities in the hierarchy.


+------------------------------------------------------+
; General Register Statistics                          ;
+----------------------------------------------+-------+
; Statistic                                    ; Value ;
+----------------------------------------------+-------+
; Total registers                              ; 8     ;
; Number of registers using Synchronous Clear  ; 0     ;
; Number of registers using Synchronous Load   ; 0     ;
; Number of registers using Asynchronous Clear ; 8     ;
; Number of registers using Asynchronous Load  ; 0     ;
; Number of registers using Clock Enable       ; 0     ;
; Number of registers using Preset             ; 0     ;
+----------------------------------------------+-------+


+-----------------------------------------------------+
; Post-Synthesis Netlist Statistics for Top Partition ;
+-----------------------+-----------------------------+
; Type                  ; Count                       ;
+-----------------------+-----------------------------+
; arriav_ff             ; 8                           ;
;     CLR               ; 8                           ;
; arriav_lcell_comb     ; 25                          ;
;     normal            ; 25                          ;
;         1 data inputs ; 2                           ;
;         2 data inputs ; 1                           ;
;         3 data inputs ; 2                           ;
;         4 data inputs ; 16                          ;
;         5 data inputs ; 3                           ;
;         6 data inputs ; 1                           ;
; boundary_port         ; 28                          ;
;                       ;                             ;
; Max LUT depth         ; 2.00                        ;
; Average LUT depth     ; 1.42                        ;
+-----------------------+-----------------------------+


+-------------------------------+
; Elapsed Time Per Partition    ;
+----------------+--------------+
; Partition Name ; Elapsed Time ;
+----------------+--------------+
; Top            ; 00:00:00     ;
+----------------+--------------+


+-------------------------------+
; Analysis & Synthesis Messages ;
+-------------------------------+
Info: *******************************************************************
Info: Running Quartus Prime Analysis & Synthesis
    Info: Version 18.1.0 Build 625 09/12/2018 SJ Lite Edition
    Info: Processing started: Sat Oct 19 22:31:12 2019
Info: Command: quartus_map --read_settings_files=on --write_settings_files=off counter8bit_main -c counter8bit_main
Warning (18236): Number of processors has not been specified which may cause overloading on shared machines.  Set the global assignment NUM_PARALLEL_PROCESSORS in your QSF to an appropriate value for best performance.
Info (20030): Parallel compilation is enabled and will use 4 of the 4 processors detected
Info (12021): Found 11 design units, including 11 entities, in source file counter8bit_main.v
    Info (12023): Found entity 1: TFF_ File: C:/Users/Americo/Documents/Quartus/lab5_part1/counter8bit_main.v Line: 1
    Info (12023): Found entity 2: counter8bit File: C:/Users/Americo/Documents/Quartus/lab5_part1/counter8bit_main.v Line: 12
    Info (12023): Found entity 3: counter8bit_main File: C:/Users/Americo/Documents/Quartus/lab5_part1/counter8bit_main.v Line: 40
    Info (12023): Found entity 4: EQ1seg0 File: C:/Users/Americo/Documents/Quartus/lab5_part1/counter8bit_main.v Line: 56
    Info (12023): Found entity 5: EQ2seg1 File: C:/Users/Americo/Documents/Quartus/lab5_part1/counter8bit_main.v Line: 60
    Info (12023): Found entity 6: EQ3seg2 File: C:/Users/Americo/Documents/Quartus/lab5_part1/counter8bit_main.v Line: 64
    Info (12023): Found entity 7: EQ4seg3 File: C:/Users/Americo/Documents/Quartus/lab5_part1/counter8bit_main.v Line: 68
    Info (12023): Found entity 8: EQ5seg4 File: C:/Users/Americo/Documents/Quartus/lab5_part1/counter8bit_main.v Line: 72
    Info (12023): Found entity 9: EQ6seg5 File: C:/Users/Americo/Documents/Quartus/lab5_part1/counter8bit_main.v Line: 76
    Info (12023): Found entity 10: EQ7seg6 File: C:/Users/Americo/Documents/Quartus/lab5_part1/counter8bit_main.v Line: 80
    Info (12023): Found entity 11: bitsToHex File: C:/Users/Americo/Documents/Quartus/lab5_part1/counter8bit_main.v Line: 84
Info (12127): Elaborating entity "counter8bit_main" for the top level hierarchy
Info (12128): Elaborating entity "counter8bit" for hierarchy "counter8bit:U1" File: C:/Users/Americo/Documents/Quartus/lab5_part1/counter8bit_main.v Line: 44
Warning (10036): Verilog HDL or VHDL warning at counter8bit_main.v(14): object "w8" assigned a value but never read File: C:/Users/Americo/Documents/Quartus/lab5_part1/counter8bit_main.v Line: 14
Info (12128): Elaborating entity "TFF_" for hierarchy "counter8bit:U1|TFF_:U1" File: C:/Users/Americo/Documents/Quartus/lab5_part1/counter8bit_main.v Line: 24
Info (12128): Elaborating entity "bitsToHex" for hierarchy "bitsToHex:U2" File: C:/Users/Americo/Documents/Quartus/lab5_part1/counter8bit_main.v Line: 45
Info (12128): Elaborating entity "EQ1seg0" for hierarchy "bitsToHex:U2|EQ1seg0:eq1" File: C:/Users/Americo/Documents/Quartus/lab5_part1/counter8bit_main.v Line: 87
Info (12128): Elaborating entity "EQ2seg1" for hierarchy "bitsToHex:U2|EQ2seg1:eq2" File: C:/Users/Americo/Documents/Quartus/lab5_part1/counter8bit_main.v Line: 88
Info (12128): Elaborating entity "EQ3seg2" for hierarchy "bitsToHex:U2|EQ3seg2:eq3" File: C:/Users/Americo/Documents/Quartus/lab5_part1/counter8bit_main.v Line: 89
Info (12128): Elaborating entity "EQ4seg3" for hierarchy "bitsToHex:U2|EQ4seg3:eq4" File: C:/Users/Americo/Documents/Quartus/lab5_part1/counter8bit_main.v Line: 90
Info (12128): Elaborating entity "EQ5seg4" for hierarchy "bitsToHex:U2|EQ5seg4:eq5" File: C:/Users/Americo/Documents/Quartus/lab5_part1/counter8bit_main.v Line: 91
Info (12128): Elaborating entity "EQ6seg5" for hierarchy "bitsToHex:U2|EQ6seg5:eq6" File: C:/Users/Americo/Documents/Quartus/lab5_part1/counter8bit_main.v Line: 92
Info (12128): Elaborating entity "EQ7seg6" for hierarchy "bitsToHex:U2|EQ7seg6:eq7" File: C:/Users/Americo/Documents/Quartus/lab5_part1/counter8bit_main.v Line: 93
Info (286030): Timing-Driven Synthesis is running
Info (16010): Generating hard_block partition "hard_block:auto_generated_inst"
    Info (16011): Adding 0 node(s), including 0 DDIO, 0 PLL, 0 transceiver and 0 LCELL
Warning (21074): Design contains 11 input pin(s) that do not drive logic
    Warning (15610): No output dependent on input pin "SW[2]" File: C:/Users/Americo/Documents/Quartus/lab5_part1/counter8bit_main.v Line: 40
    Warning (15610): No output dependent on input pin "SW[3]" File: C:/Users/Americo/Documents/Quartus/lab5_part1/counter8bit_main.v Line: 40
    Warning (15610): No output dependent on input pin "SW[4]" File: C:/Users/Americo/Documents/Quartus/lab5_part1/counter8bit_main.v Line: 40
    Warning (15610): No output dependent on input pin "SW[5]" File: C:/Users/Americo/Documents/Quartus/lab5_part1/counter8bit_main.v Line: 40
    Warning (15610): No output dependent on input pin "SW[6]" File: C:/Users/Americo/Documents/Quartus/lab5_part1/counter8bit_main.v Line: 40
    Warning (15610): No output dependent on input pin "SW[7]" File: C:/Users/Americo/Documents/Quartus/lab5_part1/counter8bit_main.v Line: 40
    Warning (15610): No output dependent on input pin "SW[8]" File: C:/Users/Americo/Documents/Quartus/lab5_part1/counter8bit_main.v Line: 40
    Warning (15610): No output dependent on input pin "SW[9]" File: C:/Users/Americo/Documents/Quartus/lab5_part1/counter8bit_main.v Line: 40
    Warning (15610): No output dependent on input pin "KEY[1]" File: C:/Users/Americo/Documents/Quartus/lab5_part1/counter8bit_main.v Line: 41
    Warning (15610): No output dependent on input pin "KEY[2]" File: C:/Users/Americo/Documents/Quartus/lab5_part1/counter8bit_main.v Line: 41
    Warning (15610): No output dependent on input pin "KEY[3]" File: C:/Users/Americo/Documents/Quartus/lab5_part1/counter8bit_main.v Line: 41
Info (21057): Implemented 51 device resources after synthesis - the final resource count might be different
    Info (21058): Implemented 14 input pins
    Info (21059): Implemented 14 output pins
    Info (21061): Implemented 23 logic cells
Info: Quartus Prime Analysis & Synthesis was successful. 0 errors, 14 warnings
    Info: Peak virtual memory: 754 megabytes
    Info: Processing ended: Sat Oct 19 22:31:22 2019
    Info: Elapsed time: 00:00:10
    Info: Total CPU time (on all processors): 00:00:22


