Analysis & Synthesis report for ALU
Fri Oct 04 03:50:23 2019
Quartus Prime Version 18.1.0 Build 625 09/12/2018 SJ Lite Edition


---------------------
; Table of Contents ;
---------------------
  1. Legal Notice
  2. Analysis & Synthesis Summary
  3. Analysis & Synthesis Settings
  4. Parallel Compilation
  5. Analysis & Synthesis Source Files Read
  6. Analysis & Synthesis Resource Usage Summary
  7. Analysis & Synthesis Resource Utilization by Entity
  8. General Register Statistics
  9. Port Connectivity Checks: "bitsToHex:hex4"
 10. Port Connectivity Checks: "ripple_carry_adder:comb_5|FA:FA0"
 11. Port Connectivity Checks: "ripple_carry_adder:comb_5"
 12. Port Connectivity Checks: "bitsToHex:hex5empty"
 13. Port Connectivity Checks: "bitsToHex:hex3empty"
 14. Port Connectivity Checks: "bitsToHex:hex1empty"
 15. Post-Synthesis Netlist Statistics for Top Partition
 16. Elapsed Time Per Partition
 17. Analysis & Synthesis Messages
 18. Analysis & Synthesis Suppressed Messages



----------------
; Legal Notice ;
----------------
Copyright (C) 2018  Intel Corporation. All rights reserved.
Your use of Intel Corporation's design tools, logic functions 
and other software and tools, and its AMPP partner logic 
functions, and any output files from any of the foregoing 
(including device programming or simulation files), and any 
associated documentation or information are expressly subject 
to the terms and conditions of the Intel Program License 
Subscription Agreement, the Intel Quartus Prime License Agreement,
the Intel FPGA IP License Agreement, or other applicable license
agreement, including, without limitation, that your use is for
the sole purpose of programming logic devices manufactured by
Intel and sold by Intel or its authorized distributors.  Please
refer to the applicable agreement for further details.



+-------------------------------------------------------------------------------+
; Analysis & Synthesis Summary                                                  ;
+---------------------------------+---------------------------------------------+
; Analysis & Synthesis Status     ; Successful - Fri Oct 04 03:50:23 2019       ;
; Quartus Prime Version           ; 18.1.0 Build 625 09/12/2018 SJ Lite Edition ;
; Revision Name                   ; ALU                                         ;
; Top-level Entity Name           ; ALU                                         ;
; Family                          ; Cyclone V                                   ;
; Logic utilization (in ALMs)     ; N/A                                         ;
; Total registers                 ; 0                                           ;
; Total pins                      ; 73                                          ;
; Total virtual pins              ; 0                                           ;
; Total block memory bits         ; 0                                           ;
; Total DSP Blocks                ; 0                                           ;
; Total HSSI RX PCSs              ; 0                                           ;
; Total HSSI PMA RX Deserializers ; 0                                           ;
; Total HSSI TX PCSs              ; 0                                           ;
; Total HSSI PMA TX Serializers   ; 0                                           ;
; Total PLLs                      ; 0                                           ;
; Total DLLs                      ; 0                                           ;
+---------------------------------+---------------------------------------------+


+---------------------------------------------------------------------------------------------------------------------------+
; Analysis & Synthesis Settings                                                                                             ;
+---------------------------------------------------------------------------------+--------------------+--------------------+
; Option                                                                          ; Setting            ; Default Value      ;
+---------------------------------------------------------------------------------+--------------------+--------------------+
; Device                                                                          ; 5CSEMA5F31C6       ;                    ;
; Top-level entity name                                                           ; ALU                ; ALU                ;
; Family name                                                                     ; Cyclone V          ; Cyclone V          ;
; Use smart compilation                                                           ; Off                ; Off                ;
; Enable parallel Assembler and Timing Analyzer during compilation                ; On                 ; On                 ;
; Enable compact report table                                                     ; Off                ; Off                ;
; Restructure Multiplexers                                                        ; Auto               ; Auto               ;
; MLAB Add Timing Constraints For Mixed-Port Feed-Through Mode Setting Don't Care ; Off                ; Off                ;
; Create Debugging Nodes for IP Cores                                             ; Off                ; Off                ;
; Preserve fewer node names                                                       ; On                 ; On                 ;
; Intel FPGA IP Evaluation Mode                                                   ; Enable             ; Enable             ;
; Verilog Version                                                                 ; Verilog_2001       ; Verilog_2001       ;
; VHDL Version                                                                    ; VHDL_1993          ; VHDL_1993          ;
; State Machine Processing                                                        ; Auto               ; Auto               ;
; Safe State Machine                                                              ; Off                ; Off                ;
; Extract Verilog State Machines                                                  ; On                 ; On                 ;
; Extract VHDL State Machines                                                     ; On                 ; On                 ;
; Ignore Verilog initial constructs                                               ; Off                ; Off                ;
; Iteration limit for constant Verilog loops                                      ; 5000               ; 5000               ;
; Iteration limit for non-constant Verilog loops                                  ; 250                ; 250                ;
; Add Pass-Through Logic to Inferred RAMs                                         ; On                 ; On                 ;
; Infer RAMs from Raw Logic                                                       ; On                 ; On                 ;
; Parallel Synthesis                                                              ; On                 ; On                 ;
; DSP Block Balancing                                                             ; Auto               ; Auto               ;
; NOT Gate Push-Back                                                              ; On                 ; On                 ;
; Power-Up Don't Care                                                             ; On                 ; On                 ;
; Remove Redundant Logic Cells                                                    ; Off                ; Off                ;
; Remove Duplicate Registers                                                      ; On                 ; On                 ;
; Ignore CARRY Buffers                                                            ; Off                ; Off                ;
; Ignore CASCADE Buffers                                                          ; Off                ; Off                ;
; Ignore GLOBAL Buffers                                                           ; Off                ; Off                ;
; Ignore ROW GLOBAL Buffers                                                       ; Off                ; Off                ;
; Ignore LCELL Buffers                                                            ; Off                ; Off                ;
; Ignore SOFT Buffers                                                             ; On                 ; On                 ;
; Limit AHDL Integers to 32 Bits                                                  ; Off                ; Off                ;
; Optimization Technique                                                          ; Balanced           ; Balanced           ;
; Carry Chain Length                                                              ; 70                 ; 70                 ;
; Auto Carry Chains                                                               ; On                 ; On                 ;
; Auto Open-Drain Pins                                                            ; On                 ; On                 ;
; Perform WYSIWYG Primitive Resynthesis                                           ; Off                ; Off                ;
; Auto ROM Replacement                                                            ; On                 ; On                 ;
; Auto RAM Replacement                                                            ; On                 ; On                 ;
; Auto DSP Block Replacement                                                      ; On                 ; On                 ;
; Auto Shift Register Replacement                                                 ; Auto               ; Auto               ;
; Allow Shift Register Merging across Hierarchies                                 ; Auto               ; Auto               ;
; Auto Clock Enable Replacement                                                   ; On                 ; On                 ;
; Strict RAM Replacement                                                          ; Off                ; Off                ;
; Allow Synchronous Control Signals                                               ; On                 ; On                 ;
; Force Use of Synchronous Clear Signals                                          ; Off                ; Off                ;
; Auto Resource Sharing                                                           ; Off                ; Off                ;
; Allow Any RAM Size For Recognition                                              ; Off                ; Off                ;
; Allow Any ROM Size For Recognition                                              ; Off                ; Off                ;
; Allow Any Shift Register Size For Recognition                                   ; Off                ; Off                ;
; Use LogicLock Constraints during Resource Balancing                             ; On                 ; On                 ;
; Ignore translate_off and synthesis_off directives                               ; Off                ; Off                ;
; Timing-Driven Synthesis                                                         ; On                 ; On                 ;
; Report Parameter Settings                                                       ; On                 ; On                 ;
; Report Source Assignments                                                       ; On                 ; On                 ;
; Report Connectivity Checks                                                      ; On                 ; On                 ;
; Ignore Maximum Fan-Out Assignments                                              ; Off                ; Off                ;
; Synchronization Register Chain Length                                           ; 3                  ; 3                  ;
; Power Optimization During Synthesis                                             ; Normal compilation ; Normal compilation ;
; HDL message level                                                               ; Level2             ; Level2             ;
; Suppress Register Optimization Related Messages                                 ; Off                ; Off                ;
; Number of Removed Registers Reported in Synthesis Report                        ; 5000               ; 5000               ;
; Number of Swept Nodes Reported in Synthesis Report                              ; 5000               ; 5000               ;
; Number of Inverted Registers Reported in Synthesis Report                       ; 100                ; 100                ;
; Clock MUX Protection                                                            ; On                 ; On                 ;
; Auto Gated Clock Conversion                                                     ; Off                ; Off                ;
; Block Design Naming                                                             ; Auto               ; Auto               ;
; SDC constraint protection                                                       ; Off                ; Off                ;
; Synthesis Effort                                                                ; Auto               ; Auto               ;
; Shift Register Replacement - Allow Asynchronous Clear Signal                    ; On                 ; On                 ;
; Pre-Mapping Resynthesis Optimization                                            ; Off                ; Off                ;
; Analysis & Synthesis Message Level                                              ; Medium             ; Medium             ;
; Disable Register Merging Across Hierarchies                                     ; Auto               ; Auto               ;
; Resource Aware Inference For Block RAM                                          ; On                 ; On                 ;
; Automatic Parallel Synthesis                                                    ; On                 ; On                 ;
; Partial Reconfiguration Bitstream ID                                            ; Off                ; Off                ;
+---------------------------------------------------------------------------------+--------------------+--------------------+


+------------------------------------------+
; Parallel Compilation                     ;
+----------------------------+-------------+
; Processors                 ; Number      ;
+----------------------------+-------------+
; Number detected on machine ; 8           ;
; Maximum allowed            ; 4           ;
;                            ;             ;
; Average used               ; 1.00        ;
; Maximum used               ; 1           ;
;                            ;             ;
; Usage by Processor         ; % Time Used ;
;     Processor 1            ; 100.0%      ;
+----------------------------+-------------+


+--------------------------------------------------------------------------------------------------------------------------------------------------------+
; Analysis & Synthesis Source Files Read                                                                                                                 ;
+----------------------------------+-----------------+------------------------------+----------------------------------------------------------+---------+
; File Name with User-Entered Path ; Used in Netlist ; File Type                    ; File Name with Absolute Path                             ; Library ;
+----------------------------------+-----------------+------------------------------+----------------------------------------------------------+---------+
; alu.v                            ; yes             ; Auto-Found Verilog HDL File  ; C:/Users/Americo/Documents/Quartus/lab3/lab3_part3/alu.v ;         ;
+----------------------------------+-----------------+------------------------------+----------------------------------------------------------+---------+


+-----------------------------------------------------------+
; Analysis & Synthesis Resource Usage Summary               ;
+---------------------------------------------+-------------+
; Resource                                    ; Usage       ;
+---------------------------------------------+-------------+
; Estimate of Logic utilization (ALMs needed) ; 8           ;
;                                             ;             ;
; Combinational ALUT usage for logic          ; 15          ;
;     -- 7 input functions                    ; 0           ;
;     -- 6 input functions                    ; 0           ;
;     -- 5 input functions                    ; 1           ;
;     -- 4 input functions                    ; 14          ;
;     -- <=3 input functions                  ; 0           ;
;                                             ;             ;
; Dedicated logic registers                   ; 0           ;
;                                             ;             ;
; I/O pins                                    ; 73          ;
;                                             ;             ;
; Total DSP Blocks                            ; 0           ;
;                                             ;             ;
; Maximum fan-out node                        ; SW[7]~input ;
; Maximum fan-out                             ; 8           ;
; Total fan-out                               ; 152         ;
; Average fan-out                             ; 0.94        ;
+---------------------------------------------+-------------+


+----------------------------------------------------------------------------------------------------------------------------------------------------------------------------------------------------+
; Analysis & Synthesis Resource Utilization by Entity                                                                                                                                                ;
+----------------------------+---------------------+---------------------------+-------------------+------------+------+--------------+---------------------------------+-------------+--------------+
; Compilation Hierarchy Node ; Combinational ALUTs ; Dedicated Logic Registers ; Block Memory Bits ; DSP Blocks ; Pins ; Virtual Pins ; Full Hierarchy Name             ; Entity Name ; Library Name ;
+----------------------------+---------------------+---------------------------+-------------------+------------+------+--------------+---------------------------------+-------------+--------------+
; |ALU                       ; 15 (1)              ; 0 (0)                     ; 0                 ; 0          ; 73   ; 0            ; |ALU                            ; ALU         ; work         ;
;    |bitsToHex:hex0|        ; 7 (0)               ; 0 (0)                     ; 0                 ; 0          ; 0    ; 0            ; |ALU|bitsToHex:hex0             ; bitsToHex   ; work         ;
;       |EQ1seg0:eq1|        ; 1 (1)               ; 0 (0)                     ; 0                 ; 0          ; 0    ; 0            ; |ALU|bitsToHex:hex0|EQ1seg0:eq1 ; EQ1seg0     ; work         ;
;       |EQ2seg1:eq2|        ; 1 (1)               ; 0 (0)                     ; 0                 ; 0          ; 0    ; 0            ; |ALU|bitsToHex:hex0|EQ2seg1:eq2 ; EQ2seg1     ; work         ;
;       |EQ3seg2:eq3|        ; 1 (1)               ; 0 (0)                     ; 0                 ; 0          ; 0    ; 0            ; |ALU|bitsToHex:hex0|EQ3seg2:eq3 ; EQ3seg2     ; work         ;
;       |EQ4seg3:eq4|        ; 1 (1)               ; 0 (0)                     ; 0                 ; 0          ; 0    ; 0            ; |ALU|bitsToHex:hex0|EQ4seg3:eq4 ; EQ4seg3     ; work         ;
;       |EQ5seg4:eq5|        ; 1 (1)               ; 0 (0)                     ; 0                 ; 0          ; 0    ; 0            ; |ALU|bitsToHex:hex0|EQ5seg4:eq5 ; EQ5seg4     ; work         ;
;       |EQ6seg5:eq6|        ; 1 (1)               ; 0 (0)                     ; 0                 ; 0          ; 0    ; 0            ; |ALU|bitsToHex:hex0|EQ6seg5:eq6 ; EQ6seg5     ; work         ;
;       |EQ7seg6:eq7|        ; 1 (1)               ; 0 (0)                     ; 0                 ; 0          ; 0    ; 0            ; |ALU|bitsToHex:hex0|EQ7seg6:eq7 ; EQ7seg6     ; work         ;
;    |bitsToHex:hex2|        ; 7 (0)               ; 0 (0)                     ; 0                 ; 0          ; 0    ; 0            ; |ALU|bitsToHex:hex2             ; bitsToHex   ; work         ;
;       |EQ1seg0:eq1|        ; 1 (1)               ; 0 (0)                     ; 0                 ; 0          ; 0    ; 0            ; |ALU|bitsToHex:hex2|EQ1seg0:eq1 ; EQ1seg0     ; work         ;
;       |EQ2seg1:eq2|        ; 1 (1)               ; 0 (0)                     ; 0                 ; 0          ; 0    ; 0            ; |ALU|bitsToHex:hex2|EQ2seg1:eq2 ; EQ2seg1     ; work         ;
;       |EQ3seg2:eq3|        ; 1 (1)               ; 0 (0)                     ; 0                 ; 0          ; 0    ; 0            ; |ALU|bitsToHex:hex2|EQ3seg2:eq3 ; EQ3seg2     ; work         ;
;       |EQ4seg3:eq4|        ; 1 (1)               ; 0 (0)                     ; 0                 ; 0          ; 0    ; 0            ; |ALU|bitsToHex:hex2|EQ4seg3:eq4 ; EQ4seg3     ; work         ;
;       |EQ5seg4:eq5|        ; 1 (1)               ; 0 (0)                     ; 0                 ; 0          ; 0    ; 0            ; |ALU|bitsToHex:hex2|EQ5seg4:eq5 ; EQ5seg4     ; work         ;
;       |EQ6seg5:eq6|        ; 1 (1)               ; 0 (0)                     ; 0                 ; 0          ; 0    ; 0            ; |ALU|bitsToHex:hex2|EQ6seg5:eq6 ; EQ6seg5     ; work         ;
;       |EQ7seg6:eq7|        ; 1 (1)               ; 0 (0)                     ; 0                 ; 0          ; 0    ; 0            ; |ALU|bitsToHex:hex2|EQ7seg6:eq7 ; EQ7seg6     ; work         ;
+----------------------------+---------------------+---------------------------+-------------------+------------+------+--------------+---------------------------------+-------------+--------------+
Note: For table entries with two numbers listed, the numbers in parentheses indicate the number of resources of the given type used by the specific entity alone. The numbers listed outside of parentheses indicate the total resources of the given type used by the specific entity and all of its sub-entities in the hierarchy.


+------------------------------------------------------+
; General Register Statistics                          ;
+----------------------------------------------+-------+
; Statistic                                    ; Value ;
+----------------------------------------------+-------+
; Total registers                              ; 0     ;
; Number of registers using Synchronous Clear  ; 0     ;
; Number of registers using Synchronous Load   ; 0     ;
; Number of registers using Asynchronous Clear ; 0     ;
; Number of registers using Asynchronous Load  ; 0     ;
; Number of registers using Clock Enable       ; 0     ;
; Number of registers using Preset             ; 0     ;
+----------------------------------------------+-------+


+--------------------------------------------------------------------------------------------------------------------------------------------------------------------------+
; Port Connectivity Checks: "bitsToHex:hex4"                                                                                                                               ;
+-------+-------+----------+-----------------------------------------------------------------------------------------------------------------------------------------------+
; Port  ; Type  ; Severity ; Details                                                                                                                                       ;
+-------+-------+----------+-----------------------------------------------------------------------------------------------------------------------------------------------+
; hexIN ; Input ; Warning  ; Input port expression (1 bits) is smaller than the input port (4 bits) it drives.  Extra input bit(s) "hexIN[3..1]" will be connected to GND. ;
+-------+-------+----------+-----------------------------------------------------------------------------------------------------------------------------------------------+


+-----------------------------------------------------------------------------------------------------------------------------------------------------------------------------------------------------------------+
; Port Connectivity Checks: "ripple_carry_adder:comb_5|FA:FA0"                                                                                                                                                    ;
+---------+-------+----------+------------------------------------------------------------------------------------------------------------------------------------------------------------------------------------+
; Port    ; Type  ; Severity ; Details                                                                                                                                                                            ;
+---------+-------+----------+------------------------------------------------------------------------------------------------------------------------------------------------------------------------------------+
; Cin     ; Input ; Warning  ; Input port expression (32 bits) is wider than the input port (1 bits) it drives.  The 31 most-significant bit(s) in the expression will be dangling if they have no other fanouts. ;
; Cin[-1] ; Input ; Info     ; Stuck at GND                                                                                                                                                                       ;
+---------+-------+----------+------------------------------------------------------------------------------------------------------------------------------------------------------------------------------------+


+-------------------------------------------------------------------------------------------------------------------------------------------------------------------------------------+
; Port Connectivity Checks: "ripple_carry_adder:comb_5"                                                                                                                               ;
+---------------+--------+----------+-------------------------------------------------------------------------------------------------------------------------------------------------+
; Port          ; Type   ; Severity ; Details                                                                                                                                         ;
+---------------+--------+----------+-------------------------------------------------------------------------------------------------------------------------------------------------+
; bitsIN        ; Input  ; Warning  ; Input port expression (8 bits) is smaller than the input port (10 bits) it drives.  Extra input bit(s) "bitsIN[9..8]" will be connected to GND. ;
; bitsOUT       ; Output ; Warning  ; Output or bidir port (10 bits) is wider than the port expression (8 bits) it drives; bit(s) "bitsOUT[9..8]" have no fanouts                     ;
; bitsOUT[7..1] ; Output ; Info     ; Connected to dangling logic. Logic that only feeds a dangling port will be removed.                                                             ;
+---------------+--------+----------+-------------------------------------------------------------------------------------------------------------------------------------------------+


+-------------------------------------------------+
; Port Connectivity Checks: "bitsToHex:hex5empty" ;
+-------+-------+----------+----------------------+
; Port  ; Type  ; Severity ; Details              ;
+-------+-------+----------+----------------------+
; hexIN ; Input ; Info     ; Stuck at GND         ;
+-------+-------+----------+----------------------+


+-------------------------------------------------+
; Port Connectivity Checks: "bitsToHex:hex3empty" ;
+-------+-------+----------+----------------------+
; Port  ; Type  ; Severity ; Details              ;
+-------+-------+----------+----------------------+
; hexIN ; Input ; Info     ; Stuck at GND         ;
+-------+-------+----------+----------------------+


+-------------------------------------------------+
; Port Connectivity Checks: "bitsToHex:hex1empty" ;
+-------+-------+----------+----------------------+
; Port  ; Type  ; Severity ; Details              ;
+-------+-------+----------+----------------------+
; hexIN ; Input ; Info     ; Stuck at GND         ;
+-------+-------+----------+----------------------+


+-----------------------------------------------------+
; Post-Synthesis Netlist Statistics for Top Partition ;
+-----------------------+-----------------------------+
; Type                  ; Count                       ;
+-----------------------+-----------------------------+
; arriav_lcell_comb     ; 17                          ;
;     normal            ; 17                          ;
;         0 data inputs ; 2                           ;
;         4 data inputs ; 14                          ;
;         5 data inputs ; 1                           ;
; boundary_port         ; 73                          ;
;                       ;                             ;
; Max LUT depth         ; 1.00                        ;
; Average LUT depth     ; 0.93                        ;
+-----------------------+-----------------------------+


+-------------------------------+
; Elapsed Time Per Partition    ;
+----------------+--------------+
; Partition Name ; Elapsed Time ;
+----------------+--------------+
; Top            ; 00:00:00     ;
+----------------+--------------+


+-------------------------------+
; Analysis & Synthesis Messages ;
+-------------------------------+
Info: *******************************************************************
Info: Running Quartus Prime Analysis & Synthesis
    Info: Version 18.1.0 Build 625 09/12/2018 SJ Lite Edition
    Info: Processing started: Fri Oct 04 03:50:13 2019
Info: Command: quartus_map --read_settings_files=on --write_settings_files=off ALU -c ALU
Warning (18236): Number of processors has not been specified which may cause overloading on shared machines.  Set the global assignment NUM_PARALLEL_PROCESSORS in your QSF to an appropriate value for best performance.
Info (20030): Parallel compilation is enabled and will use 4 of the 4 processors detected
Warning (12125): Using design file alu.v, which is not specified as a design file for the current project, but contains definitions for 11 design units and 11 entities in project
    Info (12023): Found entity 1: ALU File: C:/Users/Americo/Documents/Quartus/lab3/lab3_part3/alu.v Line: 1
    Info (12023): Found entity 2: FA File: C:/Users/Americo/Documents/Quartus/lab3/lab3_part3/alu.v Line: 43
    Info (12023): Found entity 3: ripple_carry_adder File: C:/Users/Americo/Documents/Quartus/lab3/lab3_part3/alu.v Line: 50
    Info (12023): Found entity 4: EQ1seg0 File: C:/Users/Americo/Documents/Quartus/lab3/lab3_part3/alu.v Line: 66
    Info (12023): Found entity 5: EQ2seg1 File: C:/Users/Americo/Documents/Quartus/lab3/lab3_part3/alu.v Line: 70
    Info (12023): Found entity 6: EQ3seg2 File: C:/Users/Americo/Documents/Quartus/lab3/lab3_part3/alu.v Line: 74
    Info (12023): Found entity 7: EQ4seg3 File: C:/Users/Americo/Documents/Quartus/lab3/lab3_part3/alu.v Line: 78
    Info (12023): Found entity 8: EQ5seg4 File: C:/Users/Americo/Documents/Quartus/lab3/lab3_part3/alu.v Line: 82
    Info (12023): Found entity 9: EQ6seg5 File: C:/Users/Americo/Documents/Quartus/lab3/lab3_part3/alu.v Line: 86
    Info (12023): Found entity 10: EQ7seg6 File: C:/Users/Americo/Documents/Quartus/lab3/lab3_part3/alu.v Line: 90
    Info (12023): Found entity 11: bitsToHex File: C:/Users/Americo/Documents/Quartus/lab3/lab3_part3/alu.v Line: 94
Critical Warning (10846): Verilog HDL Instantiation warning at alu.v(32): instance has no name File: C:/Users/Americo/Documents/Quartus/lab3/lab3_part3/alu.v Line: 32
Info (12127): Elaborating entity "ALU" for the top level hierarchy
Warning (10858): Verilog HDL warning at alu.v(17): object f2wire used but never assigned File: C:/Users/Americo/Documents/Quartus/lab3/lab3_part3/alu.v Line: 17
Warning (10858): Verilog HDL warning at alu.v(17): object f3wire used but never assigned File: C:/Users/Americo/Documents/Quartus/lab3/lab3_part3/alu.v Line: 17
Warning (10858): Verilog HDL warning at alu.v(17): object f4wire used but never assigned File: C:/Users/Americo/Documents/Quartus/lab3/lab3_part3/alu.v Line: 17
Warning (10858): Verilog HDL warning at alu.v(17): object f5wire used but never assigned File: C:/Users/Americo/Documents/Quartus/lab3/lab3_part3/alu.v Line: 17
Warning (10858): Verilog HDL warning at alu.v(17): object f6wire used but never assigned File: C:/Users/Americo/Documents/Quartus/lab3/lab3_part3/alu.v Line: 17
Warning (10230): Verilog HDL assignment warning at alu.v(22): truncated value with size 8 to match size of target (1) File: C:/Users/Americo/Documents/Quartus/lab3/lab3_part3/alu.v Line: 22
Warning (10230): Verilog HDL assignment warning at alu.v(23): truncated value with size 8 to match size of target (1) File: C:/Users/Americo/Documents/Quartus/lab3/lab3_part3/alu.v Line: 23
Warning (10230): Verilog HDL assignment warning at alu.v(24): truncated value with size 8 to match size of target (1) File: C:/Users/Americo/Documents/Quartus/lab3/lab3_part3/alu.v Line: 24
Warning (10230): Verilog HDL assignment warning at alu.v(25): truncated value with size 8 to match size of target (1) File: C:/Users/Americo/Documents/Quartus/lab3/lab3_part3/alu.v Line: 25
Warning (10230): Verilog HDL assignment warning at alu.v(26): truncated value with size 8 to match size of target (1) File: C:/Users/Americo/Documents/Quartus/lab3/lab3_part3/alu.v Line: 26
Warning (10230): Verilog HDL assignment warning at alu.v(27): truncated value with size 8 to match size of target (1) File: C:/Users/Americo/Documents/Quartus/lab3/lab3_part3/alu.v Line: 27
Warning (10230): Verilog HDL assignment warning at alu.v(28): truncated value with size 4 to match size of target (1) File: C:/Users/Americo/Documents/Quartus/lab3/lab3_part3/alu.v Line: 28
Warning (10030): Net "f2wire[0]" at alu.v(17) has no driver or initial value, using a default initial value '0' File: C:/Users/Americo/Documents/Quartus/lab3/lab3_part3/alu.v Line: 17
Warning (10030): Net "f3wire[0]" at alu.v(17) has no driver or initial value, using a default initial value '0' File: C:/Users/Americo/Documents/Quartus/lab3/lab3_part3/alu.v Line: 17
Warning (10030): Net "f4wire[0]" at alu.v(17) has no driver or initial value, using a default initial value '0' File: C:/Users/Americo/Documents/Quartus/lab3/lab3_part3/alu.v Line: 17
Warning (10030): Net "f5wire[0]" at alu.v(17) has no driver or initial value, using a default initial value '0' File: C:/Users/Americo/Documents/Quartus/lab3/lab3_part3/alu.v Line: 17
Warning (10030): Net "f6wire[0]" at alu.v(17) has no driver or initial value, using a default initial value '0' File: C:/Users/Americo/Documents/Quartus/lab3/lab3_part3/alu.v Line: 17
Warning (10034): Output port "LEDR" at alu.v(4) has no driver File: C:/Users/Americo/Documents/Quartus/lab3/lab3_part3/alu.v Line: 4
Warning (10034): Output port "HEX6" at alu.v(5) has no driver File: C:/Users/Americo/Documents/Quartus/lab3/lab3_part3/alu.v Line: 5
Info (12128): Elaborating entity "bitsToHex" for hierarchy "bitsToHex:hex0" File: C:/Users/Americo/Documents/Quartus/lab3/lab3_part3/alu.v Line: 8
Info (12128): Elaborating entity "EQ1seg0" for hierarchy "bitsToHex:hex0|EQ1seg0:eq1" File: C:/Users/Americo/Documents/Quartus/lab3/lab3_part3/alu.v Line: 97
Info (12128): Elaborating entity "EQ2seg1" for hierarchy "bitsToHex:hex0|EQ2seg1:eq2" File: C:/Users/Americo/Documents/Quartus/lab3/lab3_part3/alu.v Line: 98
Info (12128): Elaborating entity "EQ3seg2" for hierarchy "bitsToHex:hex0|EQ3seg2:eq3" File: C:/Users/Americo/Documents/Quartus/lab3/lab3_part3/alu.v Line: 99
Info (12128): Elaborating entity "EQ4seg3" for hierarchy "bitsToHex:hex0|EQ4seg3:eq4" File: C:/Users/Americo/Documents/Quartus/lab3/lab3_part3/alu.v Line: 100
Info (12128): Elaborating entity "EQ5seg4" for hierarchy "bitsToHex:hex0|EQ5seg4:eq5" File: C:/Users/Americo/Documents/Quartus/lab3/lab3_part3/alu.v Line: 101
Info (12128): Elaborating entity "EQ6seg5" for hierarchy "bitsToHex:hex0|EQ6seg5:eq6" File: C:/Users/Americo/Documents/Quartus/lab3/lab3_part3/alu.v Line: 102
Info (12128): Elaborating entity "EQ7seg6" for hierarchy "bitsToHex:hex0|EQ7seg6:eq7" File: C:/Users/Americo/Documents/Quartus/lab3/lab3_part3/alu.v Line: 103
Info (12128): Elaborating entity "ripple_carry_adder" for hierarchy "ripple_carry_adder:comb_5" File: C:/Users/Americo/Documents/Quartus/lab3/lab3_part3/alu.v Line: 32
Warning (10034): Output port "bitsOUT[8..4]" at alu.v(52) has no driver File: C:/Users/Americo/Documents/Quartus/lab3/lab3_part3/alu.v Line: 52
Info (12128): Elaborating entity "FA" for hierarchy "ripple_carry_adder:comb_5|FA:FA0" File: C:/Users/Americo/Documents/Quartus/lab3/lab3_part3/alu.v Line: 55
Warning (12241): 3 hierarchies have connectivity warnings - see the Connectivity Checks report folder
Warning (13024): Output pins are stuck at VCC or GND
    Warning (13410): Pin "LEDR[0]" is stuck at GND File: C:/Users/Americo/Documents/Quartus/lab3/lab3_part3/alu.v Line: 4
    Warning (13410): Pin "LEDR[1]" is stuck at GND File: C:/Users/Americo/Documents/Quartus/lab3/lab3_part3/alu.v Line: 4
    Warning (13410): Pin "LEDR[2]" is stuck at GND File: C:/Users/Americo/Documents/Quartus/lab3/lab3_part3/alu.v Line: 4
    Warning (13410): Pin "LEDR[3]" is stuck at GND File: C:/Users/Americo/Documents/Quartus/lab3/lab3_part3/alu.v Line: 4
    Warning (13410): Pin "LEDR[4]" is stuck at GND File: C:/Users/Americo/Documents/Quartus/lab3/lab3_part3/alu.v Line: 4
    Warning (13410): Pin "LEDR[5]" is stuck at GND File: C:/Users/Americo/Documents/Quartus/lab3/lab3_part3/alu.v Line: 4
    Warning (13410): Pin "LEDR[6]" is stuck at GND File: C:/Users/Americo/Documents/Quartus/lab3/lab3_part3/alu.v Line: 4
    Warning (13410): Pin "LEDR[7]" is stuck at GND File: C:/Users/Americo/Documents/Quartus/lab3/lab3_part3/alu.v Line: 4
    Warning (13410): Pin "LEDR[8]" is stuck at GND File: C:/Users/Americo/Documents/Quartus/lab3/lab3_part3/alu.v Line: 4
    Warning (13410): Pin "LEDR[9]" is stuck at GND File: C:/Users/Americo/Documents/Quartus/lab3/lab3_part3/alu.v Line: 4
    Warning (13410): Pin "HEX1[0]" is stuck at GND File: C:/Users/Americo/Documents/Quartus/lab3/lab3_part3/alu.v Line: 5
    Warning (13410): Pin "HEX1[1]" is stuck at GND File: C:/Users/Americo/Documents/Quartus/lab3/lab3_part3/alu.v Line: 5
    Warning (13410): Pin "HEX1[2]" is stuck at GND File: C:/Users/Americo/Documents/Quartus/lab3/lab3_part3/alu.v Line: 5
    Warning (13410): Pin "HEX1[3]" is stuck at GND File: C:/Users/Americo/Documents/Quartus/lab3/lab3_part3/alu.v Line: 5
    Warning (13410): Pin "HEX1[4]" is stuck at GND File: C:/Users/Americo/Documents/Quartus/lab3/lab3_part3/alu.v Line: 5
    Warning (13410): Pin "HEX1[5]" is stuck at GND File: C:/Users/Americo/Documents/Quartus/lab3/lab3_part3/alu.v Line: 5
    Warning (13410): Pin "HEX1[6]" is stuck at VCC File: C:/Users/Americo/Documents/Quartus/lab3/lab3_part3/alu.v Line: 5
    Warning (13410): Pin "HEX3[0]" is stuck at GND File: C:/Users/Americo/Documents/Quartus/lab3/lab3_part3/alu.v Line: 5
    Warning (13410): Pin "HEX3[1]" is stuck at GND File: C:/Users/Americo/Documents/Quartus/lab3/lab3_part3/alu.v Line: 5
    Warning (13410): Pin "HEX3[2]" is stuck at GND File: C:/Users/Americo/Documents/Quartus/lab3/lab3_part3/alu.v Line: 5
    Warning (13410): Pin "HEX3[3]" is stuck at GND File: C:/Users/Americo/Documents/Quartus/lab3/lab3_part3/alu.v Line: 5
    Warning (13410): Pin "HEX3[4]" is stuck at GND File: C:/Users/Americo/Documents/Quartus/lab3/lab3_part3/alu.v Line: 5
    Warning (13410): Pin "HEX3[5]" is stuck at GND File: C:/Users/Americo/Documents/Quartus/lab3/lab3_part3/alu.v Line: 5
    Warning (13410): Pin "HEX3[6]" is stuck at VCC File: C:/Users/Americo/Documents/Quartus/lab3/lab3_part3/alu.v Line: 5
    Warning (13410): Pin "HEX4[1]" is stuck at GND File: C:/Users/Americo/Documents/Quartus/lab3/lab3_part3/alu.v Line: 5
    Warning (13410): Pin "HEX4[2]" is stuck at GND File: C:/Users/Americo/Documents/Quartus/lab3/lab3_part3/alu.v Line: 5
    Warning (13410): Pin "HEX4[6]" is stuck at VCC File: C:/Users/Americo/Documents/Quartus/lab3/lab3_part3/alu.v Line: 5
    Warning (13410): Pin "HEX5[0]" is stuck at GND File: C:/Users/Americo/Documents/Quartus/lab3/lab3_part3/alu.v Line: 5
    Warning (13410): Pin "HEX5[1]" is stuck at GND File: C:/Users/Americo/Documents/Quartus/lab3/lab3_part3/alu.v Line: 5
    Warning (13410): Pin "HEX5[2]" is stuck at GND File: C:/Users/Americo/Documents/Quartus/lab3/lab3_part3/alu.v Line: 5
    Warning (13410): Pin "HEX5[3]" is stuck at GND File: C:/Users/Americo/Documents/Quartus/lab3/lab3_part3/alu.v Line: 5
    Warning (13410): Pin "HEX5[4]" is stuck at GND File: C:/Users/Americo/Documents/Quartus/lab3/lab3_part3/alu.v Line: 5
    Warning (13410): Pin "HEX5[5]" is stuck at GND File: C:/Users/Americo/Documents/Quartus/lab3/lab3_part3/alu.v Line: 5
    Warning (13410): Pin "HEX5[6]" is stuck at VCC File: C:/Users/Americo/Documents/Quartus/lab3/lab3_part3/alu.v Line: 5
    Warning (13410): Pin "HEX6[0]" is stuck at GND File: C:/Users/Americo/Documents/Quartus/lab3/lab3_part3/alu.v Line: 5
    Warning (13410): Pin "HEX6[1]" is stuck at GND File: C:/Users/Americo/Documents/Quartus/lab3/lab3_part3/alu.v Line: 5
    Warning (13410): Pin "HEX6[2]" is stuck at GND File: C:/Users/Americo/Documents/Quartus/lab3/lab3_part3/alu.v Line: 5
    Warning (13410): Pin "HEX6[3]" is stuck at GND File: C:/Users/Americo/Documents/Quartus/lab3/lab3_part3/alu.v Line: 5
    Warning (13410): Pin "HEX6[4]" is stuck at GND File: C:/Users/Americo/Documents/Quartus/lab3/lab3_part3/alu.v Line: 5
    Warning (13410): Pin "HEX6[5]" is stuck at GND File: C:/Users/Americo/Documents/Quartus/lab3/lab3_part3/alu.v Line: 5
    Warning (13410): Pin "HEX6[6]" is stuck at GND File: C:/Users/Americo/Documents/Quartus/lab3/lab3_part3/alu.v Line: 5
Info (286030): Timing-Driven Synthesis is running
Info (144001): Generated suppressed messages file C:/Users/Americo/Documents/Quartus/lab3/lab3_part3/output_files/ALU.map.smsg
Info (16010): Generating hard_block partition "hard_block:auto_generated_inst"
    Info (16011): Adding 0 node(s), including 0 DDIO, 0 PLL, 0 transceiver and 0 LCELL
Warning (21074): Design contains 3 input pin(s) that do not drive logic
    Warning (15610): No output dependent on input pin "SW[8]" File: C:/Users/Americo/Documents/Quartus/lab3/lab3_part3/alu.v Line: 2
    Warning (15610): No output dependent on input pin "SW[9]" File: C:/Users/Americo/Documents/Quartus/lab3/lab3_part3/alu.v Line: 2
    Warning (15610): No output dependent on input pin "KEY[3]" File: C:/Users/Americo/Documents/Quartus/lab3/lab3_part3/alu.v Line: 3
Info (21057): Implemented 88 device resources after synthesis - the final resource count might be different
    Info (21058): Implemented 14 input pins
    Info (21059): Implemented 59 output pins
    Info (21061): Implemented 15 logic cells
Info: Quartus Prime Analysis & Synthesis was successful. 0 errors, 70 warnings
    Info: Peak virtual memory: 746 megabytes
    Info: Processing ended: Fri Oct 04 03:50:23 2019
    Info: Elapsed time: 00:00:10
    Info: Total CPU time (on all processors): 00:00:21


+------------------------------------------+
; Analysis & Synthesis Suppressed Messages ;
+------------------------------------------+
The suppressed messages can be found in C:/Users/Americo/Documents/Quartus/lab3/lab3_part3/output_files/ALU.map.smsg.


